[     231ms] [WARNING] <meta name="apple-mobile-web-app-capable" content="yes"> is deprecated. Please include <meta name="mobile-web-app-capable" content="yes"> @ https://shortflix-web-882201353419.asia-northeast3.run.app/:0
[   17935ms] [WARNING] <meta name="apple-mobile-web-app-capable" content="yes"> is deprecated. Please include <meta name="mobile-web-app-capable" content="yes"> @ https://shortflix-web-882201353419.asia-northeast3.run.app/app/today:0
[   18438ms] [ERROR] Access to fetch at 'https://shortflix-web-project_id.a.run.app/api/today' from origin 'https://shortflix-web-882201353419.asia-northeast3.run.app' has been blocked by CORS policy: No 'Access-Control-Allow-Origin' header is present on the requested resource. @ https://shortflix-web-882201353419.asia-northeast3.run.app/app/today:0
[   18438ms] [ERROR] Failed to load resource: net::ERR_FAILED @ https://shortflix-web-project_id.a.run.app/api/today:0
[   19560ms] [ERROR] Access to fetch at 'https://shortflix-web-project_id.a.run.app/api/today' from origin 'https://shortflix-web-882201353419.asia-northeast3.run.app' has been blocked by CORS policy: No 'Access-Control-Allow-Origin' header is present on the requested resource. @ https://shortflix-web-882201353419.asia-northeast3.run.app/app/today:0
[   19560ms] [ERROR] Failed to load resource: net::ERR_FAILED @ https://shortflix-web-project_id.a.run.app/api/today:0
[  644363ms] [WARNING] <meta name="apple-mobile-web-app-capable" content="yes"> is deprecated. Please include <meta name="mobile-web-app-capable" content="yes"> @ https://shortflix-web-882201353419.asia-northeast3.run.app/app/search:0
[  644368ms] [INFO] Banner not shown: beforeinstallpromptevent.preventDefault() called. The page must call beforeinstallpromptevent.prompt() to show the banner. @ https://shortflix-web-882201353419.asia-northeast3.run.app/app/search:0
[  645972ms] [WARNING] <meta name="apple-mobile-web-app-capable" content="yes"> is deprecated. Please include <meta name="mobile-web-app-capable" content="yes"> @ https://shortflix-web-882201353419.asia-northeast3.run.app/app/today:0
[  646017ms] [INFO] Banner not shown: beforeinstallpromptevent.preventDefault() called. The page must call beforeinstallpromptevent.prompt() to show the banner. @ https://shortflix-web-882201353419.asia-northeast3.run.app/app/today:0
[  646152ms] [ERROR] Access to fetch at 'https://shortflix-web-project_id.a.run.app/api/today' from origin 'https://shortflix-web-882201353419.asia-northeast3.run.app' has been blocked by CORS policy: No 'Access-Control-Allow-Origin' header is present on the requested resource. @ https://shortflix-web-882201353419.asia-northeast3.run.app/app/today:0
[  646153ms] [ERROR] Failed to load resource: net::ERR_FAILED @ https://shortflix-web-project_id.a.run.app/api/today:0
[  646605ms] [WARNING] <meta name="apple-mobile-web-app-capable" content="yes"> is deprecated. Please include <meta name="mobile-web-app-capable" content="yes"> @ https://shortflix-web-882201353419.asia-northeast3.run.app/app/search:0
[  646609ms] [INFO] Banner not shown: beforeinstallpromptevent.preventDefault() called. The page must call beforeinstallpromptevent.prompt() to show the banner. @ https://shortflix-web-882201353419.asia-northeast3.run.app/app/search:0
[  647257ms] [WARNING] <meta name="apple-mobile-web-app-capable" content="yes"> is deprecated. Please include <meta name="mobile-web-app-capable" content="yes"> @ https://shortflix-web-882201353419.asia-northeast3.run.app/app/today:0
[  647261ms] [INFO] Banner not shown: beforeinstallpromptevent.preventDefault() called. The page must call beforeinstallpromptevent.prompt() to show the banner. @ https://shortflix-web-882201353419.asia-northeast3.run.app/app/today:0
[  647362ms] [ERROR] Access to fetch at 'https://shortflix-web-project_id.a.run.app/api/today' from origin 'https://shortflix-web-882201353419.asia-northeast3.run.app' has been blocked by CORS policy: No 'Access-Control-Allow-Origin' header is present on the requested resource. @ https://shortflix-web-882201353419.asia-northeast3.run.app/app/today:0
[  647362ms] [ERROR] Failed to load resource: net::ERR_FAILED @ https://shortflix-web-project_id.a.run.app/api/today:0
[  648486ms] [ERROR] Access to fetch at 'https://shortflix-web-project_id.a.run.app/api/today' from origin 'https://shortflix-web-882201353419.asia-northeast3.run.app' has been blocked by CORS policy: No 'Access-Control-Allow-Origin' header is present on the requested resource. @ https://shortflix-web-882201353419.asia-northeast3.run.app/app/today:0
[  648486ms] [ERROR] Failed to load resource: net::ERR_FAILED @ https://shortflix-web-project_id.a.run.app/api/today:0
[  653228ms] [WARNING] <meta name="apple-mobile-web-app-capable" content="yes"> is deprecated. Please include <meta name="mobile-web-app-capable" content="yes"> @ https://shortflix-web-882201353419.asia-northeast3.run.app/app/saved:0
[  653232ms] [INFO] Banner not shown: beforeinstallpromptevent.preventDefault() called. The page must call beforeinstallpromptevent.prompt() to show the banner. @ https://shortflix-web-882201353419.asia-northeast3.run.app/app/saved:0
[  653975ms] [WARNING] <meta name="apple-mobile-web-app-capable" content="yes"> is deprecated. Please include <meta name="mobile-web-app-capable" content="yes"> @ https://shortflix-web-882201353419.asia-northeast3.run.app/app/quest:0
[  653978ms] [INFO] Banner not shown: beforeinstallpromptevent.preventDefault() called. The page must call beforeinstallpromptevent.prompt() to show the banner. @ https://shortflix-web-882201353419.asia-northeast3.run.app/app/quest:0
[  654078ms] [ERROR] Access to fetch at 'https://shortflix-web-project_id.a.run.app/api/streak' from origin 'https://shortflix-web-882201353419.asia-northeast3.run.app' has been blocked by CORS policy: No 'Access-Control-Allow-Origin' header is present on the requested resource. @ https://shortflix-web-882201353419.asia-northeast3.run.app/app/quest:0
[  654078ms] [ERROR] Failed to load resource: net::ERR_FAILED @ https://shortflix-web-project_id.a.run.app/api/streak:0
[  654079ms] [ERROR] Access to fetch at 'https://shortflix-web-project_id.a.run.app/api/quests' from origin 'https://shortflix-web-882201353419.asia-northeast3.run.app' has been blocked by CORS policy: No 'Access-Control-Allow-Origin' header is present on the requested resource. @ https://shortflix-web-882201353419.asia-northeast3.run.app/app/quest:0
[  654079ms] [ERROR] Failed to load resource: net::ERR_FAILED @ https://shortflix-web-project_id.a.run.app/api/quests:0
[  655207ms] [ERROR] Access to fetch at 'https://shortflix-web-project_id.a.run.app/api/quests' from origin 'https://shortflix-web-882201353419.asia-northeast3.run.app' has been blocked by CORS policy: No 'Access-Control-Allow-Origin' header is present on the requested resource. @ https://shortflix-web-882201353419.asia-northeast3.run.app/app/quest:0
[  655207ms] [ERROR] Failed to load resource: net::ERR_FAILED @ https://shortflix-web-project_id.a.run.app/api/quests:0
[  655211ms] [ERROR] Access to fetch at 'https://shortflix-web-project_id.a.run.app/api/streak' from origin 'https://shortflix-web-882201353419.asia-northeast3.run.app' has been blocked by CORS policy: No 'Access-Control-Allow-Origin' header is present on the requested resource. @ https://shortflix-web-882201353419.asia-northeast3.run.app/app/quest:0
[  655211ms] [ERROR] Failed to load resource: net::ERR_FAILED @ https://shortflix-web-project_id.a.run.app/api/streak:0
[  656770ms] [WARNING] <meta name="apple-mobile-web-app-capable" content="yes"> is deprecated. Please include <meta name="mobile-web-app-capable" content="yes"> @ https://shortflix-web-882201353419.asia-northeast3.run.app/app/search:0
[  656775ms] [INFO] Banner not shown: beforeinstallpromptevent.preventDefault() called. The page must call beforeinstallpromptevent.prompt() to show the banner. @ https://shortflix-web-882201353419.asia-northeast3.run.app/app/search:0
