[     293ms] Error: Minified React error #418; visit https://react.dev/errors/418 for the full message or use the non-minified dev environment for full errors and additional helpful warnings.
    at t5 (https://shortflix-web-882201353419.asia-northeast3.run.app/_next/static/chunks/c56bfed3-7ada6a8fae6d9b44.js:1:24670)
    at iZ (https://shortflix-web-882201353419.asia-northeast3.run.app/_next/static/chunks/c56bfed3-7ada6a8fae6d9b44.js:1:120535)
    at ia (https://shortflix-web-882201353419.asia-northeast3.run.app/_next/static/chunks/c56bfed3-7ada6a8fae6d9b44.js:1:95162)
    at https://shortflix-web-882201353419.asia-northeast3.run.app/_next/static/chunks/c56bfed3-7ada6a8fae6d9b44.js:1:91088
    at https://shortflix-web-882201353419.asia-northeast3.run.app/_next/static/chunks/c56bfed3-7ada6a8fae6d9b44.js:1:91095
    at oZ (https://shortflix-web-882201353419.asia-northeast3.run.app/_next/static/chunks/c56bfed3-7ada6a8fae6d9b44.js:1:91200)
    at MessagePort.T (https://shortflix-web-882201353419.asia-northeast3.run.app/_next/static/chunks/330-8c0015340dd2fa8b.js:1:83959)
[     294ms] Error: Minified React error #418; visit https://react.dev/errors/418 for the full message or use the non-minified dev environment for full errors and additional helpful warnings.
    at t5 (https://shortflix-web-882201353419.asia-northeast3.run.app/_next/static/chunks/c56bfed3-7ada6a8fae6d9b44.js:1:24670)
    at iZ (https://shortflix-web-882201353419.asia-northeast3.run.app/_next/static/chunks/c56bfed3-7ada6a8fae6d9b44.js:1:120535)
    at ia (https://shortflix-web-882201353419.asia-northeast3.run.app/_next/static/chunks/c56bfed3-7ada6a8fae6d9b44.js:1:95162)
    at https://shortflix-web-882201353419.asia-northeast3.run.app/_next/static/chunks/c56bfed3-7ada6a8fae6d9b44.js:1:91088
    at https://shortflix-web-882201353419.asia-northeast3.run.app/_next/static/chunks/c56bfed3-7ada6a8fae6d9b44.js:1:91095
    at oZ (https://shortflix-web-882201353419.asia-northeast3.run.app/_next/static/chunks/c56bfed3-7ada6a8fae6d9b44.js:1:91200)
    at MessagePort.T (https://shortflix-web-882201353419.asia-northeast3.run.app/_next/static/chunks/330-8c0015340dd2fa8b.js:1:83959)
[     294ms] Error: Minified React error #418; visit https://react.dev/errors/418 for the full message or use the non-minified dev environment for full errors and additional helpful warnings.
    at t5 (https://shortflix-web-882201353419.asia-northeast3.run.app/_next/static/chunks/c56bfed3-7ada6a8fae6d9b44.js:1:24670)
    at iZ (https://shortflix-web-882201353419.asia-northeast3.run.app/_next/static/chunks/c56bfed3-7ada6a8fae6d9b44.js:1:120535)
    at ia (https://shortflix-web-882201353419.asia-northeast3.run.app/_next/static/chunks/c56bfed3-7ada6a8fae6d9b44.js:1:95162)
    at https://shortflix-web-882201353419.asia-northeast3.run.app/_next/static/chunks/c56bfed3-7ada6a8fae6d9b44.js:1:91088
    at https://shortflix-web-882201353419.asia-northeast3.run.app/_next/static/chunks/c56bfed3-7ada6a8fae6d9b44.js:1:91095
    at oZ (https://shortflix-web-882201353419.asia-northeast3.run.app/_next/static/chunks/c56bfed3-7ada6a8fae6d9b44.js:1:91200)
    at MessagePort.T (https://shortflix-web-882201353419.asia-northeast3.run.app/_next/static/chunks/330-8c0015340dd2fa8b.js:1:83959)
[     294ms] Error: Minified React error #423; visit https://react.dev/errors/423 for the full message or use the non-minified dev environment for full errors and additional helpful warnings.
    at iZ (https://shortflix-web-882201353419.asia-northeast3.run.app/_next/static/chunks/c56bfed3-7ada6a8fae6d9b44.js:1:118349)
    at ia (https://shortflix-web-882201353419.asia-northeast3.run.app/_next/static/chunks/c56bfed3-7ada6a8fae6d9b44.js:1:95162)
    at https://shortflix-web-882201353419.asia-northeast3.run.app/_next/static/chunks/c56bfed3-7ada6a8fae6d9b44.js:1:94984
    at il (https://shortflix-web-882201353419.asia-northeast3.run.app/_next/static/chunks/c56bfed3-7ada6a8fae6d9b44.js:1:94991)
    at oJ (https://shortflix-web-882201353419.asia-northeast3.run.app/_next/static/chunks/c56bfed3-7ada6a8fae6d9b44.js:1:92347)
    at oZ (https://shortflix-web-882201353419.asia-northeast3.run.app/_next/static/chunks/c56bfed3-7ada6a8fae6d9b44.js:1:91766)
    at MessagePort.T (https://shortflix-web-882201353419.asia-northeast3.run.app/_next/static/chunks/330-8c0015340dd2fa8b.js:1:83959)
[     281ms] [ERROR] HierarchyRequestError: Failed to execute 'appendChild' on 'Node': Only one element on document allowed.
    at e (https://shortflix-web-882201353419.asia-northeast3.run.app/_next/static/chunks/c56bfed3-7ada6a8fae6d9b44.js:1:84278)
    at e (https://shortflix-web-882201353419.asia-northeast3.run.app/_next/static/chunks/c56bfed3-7ada6a8fae6d9b44.js:1:84406)
    at e (https://shortflix-web-882201353419.asia-northeast3.run.app/_next/static/chunks/c56bfed3-7ada6a8fae6d9b44.js:1:84406)
    at e (https://shortflix-web-882201353419.asia-northeast3.run.app/_next/static/chunks/c56bfed3-7ada6a8fae6d9b44.js:1:84437)
    at e (https://shortflix-web-882201353419.asia-northeast3.run.app/_next/static/chunks/c56bfed3-7ada6a8fae6d9b44.js:1:84406)
    at e (https://shortflix-web-882201353419.asia-northeast3.run.app/_next/static/chunks/c56bfed3-7ada6a8fae6d9b44.js:1:84406)
    at e (https://shortflix-web-882201353419.asia-northeast3.run.app/_next/static/chunks/c56bfed3-7ada6a8fae6d9b44.js:1:84406)
    at e (https://shortflix-web-882201353419.asia-northeast3.run.app/_next/static/chunks/c56bfed3-7ada6a8fae6d9b44.js:1:84406)
    at e (https://shortflix-web-882201353419.asia-northeast3.run.app/_next/static/chunks/c56bfed3-7ada6a8fae6d9b44.js:1:84406)
    at e (https://shortflix-web-882201353419.asia-northeast3.run.app/_next/static/chunks/c56bfed3-7ada6a8fae6d9b44.js:1:84406) @ https://shortflix-web-882201353419.asia-northeast3.run.app/_next/static/chunks/330-8c0015340dd2fa8b.js:0
[     281ms] [ERROR] NotFoundError: Failed to execute 'removeChild' on 'Node': The node to be removed is not a child of this node.
    at a2 (https://shortflix-web-882201353419.asia-northeast3.run.app/_next/static/chunks/c56bfed3-7ada6a8fae6d9b44.js:1:76618)
    at a1 (https://shortflix-web-882201353419.asia-northeast3.run.app/_next/static/chunks/c56bfed3-7ada6a8fae6d9b44.js:1:76042)
    at a2 (https://shortflix-web-882201353419.asia-northeast3.run.app/_next/static/chunks/c56bfed3-7ada6a8fae6d9b44.js:1:77355)
    at a1 (https://shortflix-web-882201353419.asia-northeast3.run.app/_next/static/chunks/c56bfed3-7ada6a8fae6d9b44.js:1:76042)
    at a2 (https://shortflix-web-882201353419.asia-northeast3.run.app/_next/static/chunks/c56bfed3-7ada6a8fae6d9b44.js:1:77355)
    at a1 (https://shortflix-web-882201353419.asia-northeast3.run.app/_next/static/chunks/c56bfed3-7ada6a8fae6d9b44.js:1:76042)
    at a2 (https://shortflix-web-882201353419.asia-northeast3.run.app/_next/static/chunks/c56bfed3-7ada6a8fae6d9b44.js:1:77323)
    at a1 (https://shortflix-web-882201353419.asia-northeast3.run.app/_next/static/chunks/c56bfed3-7ada6a8fae6d9b44.js:1:76042)
    at a2 (https://shortflix-web-882201353419.asia-northeast3.run.app/_next/static/chunks/c56bfed3-7ada6a8fae6d9b44.js:1:77131)
    at a1 (https://shortflix-web-882201353419.asia-northeast3.run.app/_next/static/chunks/c56bfed3-7ada6a8fae6d9b44.js:1:76042) @ https://shortflix-web-882201353419.asia-northeast3.run.app/_next/static/chunks/330-8c0015340dd2fa8b.js:0
[     295ms] AggregateError
    at nb (https://shortflix-web-882201353419.asia-northeast3.run.app/_next/static/chunks/c56bfed3-7ada6a8fae6d9b44.js:1:27116)
    at https://shortflix-web-882201353419.asia-northeast3.run.app/_next/static/chunks/c56bfed3-7ada6a8fae6d9b44.js:1:108297
    at is (https://shortflix-web-882201353419.asia-northeast3.run.app/_next/static/chunks/c56bfed3-7ada6a8fae6d9b44.js:1:108305)
    at o1 (https://shortflix-web-882201353419.asia-northeast3.run.app/_next/static/chunks/c56bfed3-7ada6a8fae6d9b44.js:1:92997)
    at oZ (https://shortflix-web-882201353419.asia-northeast3.run.app/_next/static/chunks/c56bfed3-7ada6a8fae6d9b44.js:1:92152)
    at MessagePort.T (https://shortflix-web-882201353419.asia-northeast3.run.app/_next/static/chunks/330-8c0015340dd2fa8b.js:1:83959)
[     323ms] [ERROR] Failed to load resource: the server responded with a status of 404 () @ https://shortflix-web-882201353419.asia-northeast3.run.app/favicon.ico:0
